<?xml version="1.0" encoding="UTF-8"?>
<!-- Generated by org.testng.reporters.JUnitXMLReporter -->
<testsuite hostname="HPENVY" name="Test" tests="11" failures="3" timestamp="6 Apr 2022 05:27:09 GMT" time="268.048" errors="0">
  <testcase name="CustomerAndService" time="60.316" classname="BillRunFirst.ElectrImportSetupTools">
    <failure type="java.lang.NullPointerException">
      <![CDATA[java.lang.NullPointerException
	at BillRunFirst.ElectrImportSetupTools.CustomerAndService(ElectrImportSetupTools.java:67)
... Removed 27 stack frames]]>
    </failure>
  </testcase> <!-- CustomerAndService -->
  <testcase name="AddCyclewithCustomer" time="60.26" classname="BillRunFirst.ElectrImportSetupTools">
    <failure type="java.lang.NullPointerException">
      <![CDATA[java.lang.NullPointerException
	at BillRunFirst.ElectrImportSetupTools.AddCyclewithCustomer(ElectrImportSetupTools.java:235)
... Removed 27 stack frames]]>
    </failure>
  </testcase> <!-- AddCyclewithCustomer -->
  <testcase name="TransferCustomerFrom_AnotherCycle" time="20.0" classname="BillRunFirst.ElectrImportSetupTools"/>
  <testcase name="importMeterNumberImport" time="24.978" classname="BillRunFirst.ElectrImportSetupTools"/>
  <testcase name="importManualRecurringCharge" time="15.624" classname="BillRunFirst.ElectrImportSetupTools"/>
  <testcase name="importManualOnceOffCharges" time="17.887" classname="BillRunFirst.ElectrImportSetupTools"/>
  <testcase name="importdemandReads" time="16.254" classname="BillRunFirst.ElectrImportSetupTools"/>
  <testcase name="Prorated_Tariff" time="22.037" classname="BillRunFirst.ElectrImportSetupTools"/>
  <testcase name="importSecurityDepositImport" time="0.001" classname="BillRunFirst.ElectrImportSetupTools">
    <failure type="java.lang.NumberFormatException" message="For input string: &amp;quot;&amp;quot;">
      <![CDATA[java.lang.NumberFormatException: For input string: ""
	at java.lang.NumberFormatException.forInputString(NumberFormatException.java:65)
	at java.lang.Long.parseLong(Long.java:601)
	at java.lang.Long.parseLong(Long.java:631)
	at BillRunFirst.ElectrImportSetupTools.importSecurityDepositImport(ElectrImportSetupTools.java:646)
... Removed 27 stack frames]]>
    </failure>
  </testcase> <!-- importSecurityDepositImport -->
  <testcase name="importPayment" time="13.527" classname="BillRunFirst.ElectrImportSetupTools"/>
  <testcase name="RatePlanImport" time="0.001" classname="BillRunFirst.ElectrImportSetupTools">
    <skipped/>
  </testcase> <!-- RatePlanImport -->
</testsuite> <!-- Test -->
