<?xml version="1.0" encoding="UTF-8"?>
<testsuite xmlns:xsi="http://www.w3.org/2001/XMLSchema-instance" xsi:schemaLocation="https://maven.apache.org/surefire/maven-surefire-plugin/xsd/surefire-test-report.xsd" name="TestSuite" time="269.368" tests="11" errors="0" skipped="1" failures="3">
  <properties>
[...]
</properties>
  <testcase name="CustomerAndService" classname="BillRunFirst.ElectrImportSetupTools" time="60.341">
    <failure type="java.lang.NullPointerException">java.lang.NullPointerException
	at BillRunFirst.ElectrImportSetupTools.CustomerAndService(ElectrImportSetupTools.java:67)
</failure>
    <system-out><![CDATA[---------------------------------------------------------------------------------------------------------------
@URL Opening.......https://nuruat.utilibill.com.au/nur/
	*UserName Text field should be displayed
	*'USER PASSWORD' text field should be displayed
	*'LOGIN' button should be displayed
	* plan_mainmebu should be displayed
	*plan_mainmebu not displayed-----
]]></system-out>
    <system-err><![CDATA[Apr 06, 2022 10:52:41 AM org.openqa.selenium.remote.DesiredCapabilities chrome
INFO: Using `new ChromeOptions()` is preferred to `DesiredCapabilities.chrome()`
Starting ChromeDriver 2.36.540470 (e522d04694c7ebea4ba8821272dbef4f9b818c91) on port 28611
Only local connections are allowed.
Apr 06, 2022 10:52:47 AM org.openqa.selenium.remote.ProtocolHandshake createSession
INFO: Detected dialect: OSS
]]></system-err>
  </testcase>
  <testcase name="AddCyclewithCustomer" classname="BillRunFirst.ElectrImportSetupTools" time="60.255">
    <failure type="java.lang.NullPointerException">java.lang.NullPointerException
	at BillRunFirst.ElectrImportSetupTools.AddCyclewithCustomer(ElectrImportSetupTools.java:235)
</failure>
    <system-out><![CDATA[	*Admin main menu should be displayed
	*Admin main menu not displayed-----
]]></system-out>
  </testcase>
  <testcase name="TransferCustomerFrom_AnotherCycle" classname="BillRunFirst.ElectrImportSetupTools" time="20"/>
  <testcase name="importMeterNumberImport" classname="BillRunFirst.ElectrImportSetupTools" time="24.978"/>
  <testcase name="importManualRecurringCharge" classname="BillRunFirst.ElectrImportSetupTools" time="15.624"/>
  <testcase name="importManualOnceOffCharges" classname="BillRunFirst.ElectrImportSetupTools" time="17.888"/>
  <testcase name="importdemandReads" classname="BillRunFirst.ElectrImportSetupTools" time="16.254"/>
  <testcase name="Prorated_Tariff" classname="BillRunFirst.ElectrImportSetupTools" time="22.037"/>
  <testcase name="importSecurityDepositImport" classname="BillRunFirst.ElectrImportSetupTools" time="0.002">
    <failure message="For input string: &quot;&quot;" type="java.lang.NumberFormatException">java.lang.NumberFormatException: For input string: ""
	at BillRunFirst.ElectrImportSetupTools.importSecurityDepositImport(ElectrImportSetupTools.java:646)
</failure>
  </testcase>
  <testcase name="importPayment" classname="BillRunFirst.ElectrImportSetupTools" time="13.526"/>
  <testcase name="RatePlanImport" classname="BillRunFirst.ElectrImportSetupTools" time="0">
    <skipped message="close testing by liam "/>
  </testcase>
</testsuite>