<?xml version="1.0" encoding="UTF-8"?>
<!-- Generated by org.testng.reporters.JUnitXMLReporter -->
<testsuite hostname="SQE" name="FirefoxTest" tests="7" failures="0" timestamp="28 Sep 2016 06:47:29 GMT" time="0.11" errors="0">
  <testcase name="@BeforeClass Login" time="0.0" classname="BillRunFirst.ElectServiceManagement">
    <failure type="org.testng.TestNGException" message="
Parameter &amp;apos;userId&amp;apos; is required by @Configuration on method Login but has not been marked @Optional or defined
in E:\chandan1\M_Utility\6.xml">
      <![CDATA[org.testng.TestNGException: 
Parameter 'userId' is required by @Configuration on method Login but has not been marked @Optional or defined
in E:\chandan1\M_Utility\6.xml
	at java.util.concurrent.FutureTask.run(FutureTask.java:266)
	at java.util.concurrent.ThreadPoolExecutor.runWorker(ThreadPoolExecutor.java:1142)
	at java.util.concurrent.ThreadPoolExecutor$Worker.run(ThreadPoolExecutor.java:617)
	at java.lang.Thread.run(Thread.java:745)
... Removed 13 stack frames]]>
    </failure>
  </testcase> <!-- @BeforeClass Login -->
  <testcase name="@AfterClass logout" time="0.0" classname="BillRunFirst.ElectServiceManagement">
    <skipped/>
  </testcase> <!-- @AfterClass logout -->
  <testcase name="insFrontGenericService" time="0.002" classname="BillRunFirst.ElectServiceManagement">
    <skipped/>
  </testcase> <!-- insFrontGenericService -->
  <testcase name="editGenericservice" time="0.001" classname="BillRunFirst.ElectServiceManagement">
    <skipped/>
  </testcase> <!-- editGenericservice -->
  <testcase name="createCustElectrictyService" time="0.002" classname="BillRunFirst.ElectServiceManagement">
    <skipped/>
  </testcase> <!-- createCustElectrictyService -->
  <testcase name="editcreatedElectricity" time="0.0" classname="BillRunFirst.ElectServiceManagement">
    <skipped/>
  </testcase> <!-- editcreatedElectricity -->
  <testcase name="createWater" time="0.004" classname="BillRunFirst.ElectServiceManagement">
    <skipped/>
  </testcase> <!-- createWater -->
  <testcase name="editcreatedWaterservice" time="0.0" classname="BillRunFirst.ElectServiceManagement">
    <skipped/>
  </testcase> <!-- editcreatedWaterservice -->
  <testcase name="importGenericService" time="0.001" classname="BillRunFirst.ElectServiceManagement">
    <skipped/>
  </testcase> <!-- importGenericService -->
</testsuite> <!-- FirefoxTest -->
